[debug] [2025-11-22T00:10:40.787Z] ----------------------------------------------------------------------
[debug] [2025-11-22T00:10:40.789Z] Command:       C:\Program Files\nodejs\node.exe C:\Users\dudab\AppData\Roaming\npm\node_modules\firebase-tools\lib\bin\firebase.js init
[debug] [2025-11-22T00:10:40.789Z] CLI Version:   14.26.0
[debug] [2025-11-22T00:10:40.789Z] Platform:      win32
[debug] [2025-11-22T00:10:40.789Z] Node Version:  v20.13.1
[debug] [2025-11-22T00:10:40.789Z] Time:          Fri Nov 21 2025 21:10:40 GMT-0300 (Horário Padrão de Brasília)
[debug] [2025-11-22T00:10:40.789Z] ----------------------------------------------------------------------
[debug] 
[debug] [2025-11-22T00:10:40.791Z] >>> [apiv2][query] GET https://firebase-public.firebaseio.com/cli.json [none]
[info] 
     ######## #### ########  ######## ########     ###     ######  ########
     ##        ##  ##     ## ##       ##     ##  ##   ##  ##       ##
     ######    ##  ########  ######   ########  #########  ######  ######
     ##        ##  ##    ##  ##       ##     ## ##     ##       ## ##
     ##       #### ##     ## ######## ########  ##     ##  ######  ########

You're about to initialize a Firebase project in this directory:

  C:\FIAP-2TDSPH\MENTALANCE\mentalance

Before we get started, keep in mind:

  * You are currently outside your home directory

[debug] [2025-11-22T00:10:41.147Z] <<< [apiv2][status] GET https://firebase-public.firebaseio.com/cli.json 200
[debug] [2025-11-22T00:10:41.148Z] <<< [apiv2][body] GET https://firebase-public.firebaseio.com/cli.json {"cloudBuildErrorAfter":1594252800000,"cloudBuildWarnAfter":1590019200000,"defaultNode10After":1594252800000,"minVersion":"3.0.5","node8DeploysDisabledAfter":1613390400000,"node8RuntimeDisabledAfter":1615809600000,"node8WarnAfter":1600128000000}
[info] 
=== Project Setup
[info] 
[info] First, let's associate this project directory with a Firebase project.
[info] You can create multiple project aliases by running firebase use --add, 
[info] 
[debug] [2025-11-22T00:13:11.268Z] > command requires scopes: ["email","openid","https://www.googleapis.com/auth/cloudplatformprojects.readonly","https://www.googleapis.com/auth/firebase","https://www.googleapis.com/auth/cloud-platform"]
[debug] [2025-11-22T00:13:11.269Z] > authorizing via signed-in user (dudabrigidioxv@gmail.com)
[debug] [2025-11-22T00:13:11.269Z] Checked if tokens are valid: false, expires at: 1762625339800
[debug] [2025-11-22T00:13:11.270Z] Checked if tokens are valid: false, expires at: 1762625339800
[debug] [2025-11-22T00:13:11.270Z] > refreshing access token with scopes: []
[debug] [2025-11-22T00:13:11.271Z] >>> [apiv2][query] POST https://www.googleapis.com/oauth2/v3/token [none]
[debug] [2025-11-22T00:13:11.271Z] >>> [apiv2][body] POST https://www.googleapis.com/oauth2/v3/token [omitted]
[debug] [2025-11-22T00:13:11.438Z] <<< [apiv2][status] POST https://www.googleapis.com/oauth2/v3/token 200
[debug] [2025-11-22T00:13:11.438Z] <<< [apiv2][body] POST https://www.googleapis.com/oauth2/v3/token [omitted]
[debug] [2025-11-22T00:13:11.444Z] >>> [apiv2][query] GET https://firebase.googleapis.com/v1beta1/projects pageSize=100
[debug] [2025-11-22T00:13:12.203Z] <<< [apiv2][status] GET https://firebase.googleapis.com/v1beta1/projects 200
[debug] [2025-11-22T00:13:12.204Z] <<< [apiv2][body] GET https://firebase.googleapis.com/v1beta1/projects [omitted]
[info] 
=== Hosting Setup
[debug] [2025-11-22T00:13:15.587Z] Checked if tokens are valid: true, expires at: 1763773990438
[debug] [2025-11-22T00:13:15.587Z] Checked if tokens are valid: true, expires at: 1763773990438
[debug] [2025-11-22T00:13:15.588Z] >>> [apiv2][query] GET https://firebase.googleapis.com/v1beta1/projects/mentalance [none]
[debug] [2025-11-22T00:13:15.923Z] <<< [apiv2][status] GET https://firebase.googleapis.com/v1beta1/projects/mentalance 200
[debug] [2025-11-22T00:13:15.923Z] <<< [apiv2][body] GET https://firebase.googleapis.com/v1beta1/projects/mentalance {"projectId":"mentalance","projectNumber":"1080648407468","displayName":"Mentalance","name":"projects/mentalance","resources":{"hostingSite":"mentalance"},"state":"ACTIVE","etag":"1_9e296f7a-7c38-4cbe-9bae-fc997913ee1e"}
[info] 
[info] Your public directory is the folder (relative to your project directory) that
[info] will contain Hosting assets to be uploaded with firebase deploy. If you
[info] have a build process for your assets, use your build's output directory.
[info] 
[info] 
[info] i  Detected a .git folder at C:\FIAP-2TDSPH\MENTALANCE\mentalance 
[info] i  Authorizing with GitHub to upload your service account to a GitHub repository's secrets store. 
[info] 
[info] Visit this URL on this device to log in:
[info] https://github.com/login/oauth/authorize?client_id=89cf50f02ac6aaed3484&state=661152704&redirect_uri=http%3A%2F%2Flocalhost%3A9005&scope=read%3Auser%20repo%20public_repo
[info] 
[info] Waiting for authentication...
